<?xml version="1.0" encoding="UTF-8"?>
<coverage generated="1652519209249" clover="3.2.0">
  <project timestamp="1652519209249" name="All files">
    <metrics statements="13" coveredstatements="12" conditionals="3" coveredconditionals="3" methods="4" coveredmethods="3" elements="20" coveredelements="18" complexity="0" loc="13" ncloc="13" packages="1" files="2" classes="2"/>
    <file name="budget-repo.ts" path="/Users/zackcf_yang/work/91/src/budget-repo.ts">
      <metrics statements="2" coveredstatements="1" conditionals="0" coveredconditionals="0" methods="1" coveredmethods="0"/>
      <line num="6" count="1" type="stmt"/>
      <line num="8" count="0" type="stmt"/>
    </file>
    <file name="budget-service.ts" path="/Users/zackcf_yang/work/91/src/budget-service.ts">
      <metrics statements="11" coveredstatements="11" conditionals="3" coveredconditionals="3" methods="3" coveredmethods="3"/>
      <line num="1" count="1" type="stmt"/>
      <line num="4" count="1" type="stmt"/>
      <line num="7" count="2" type="stmt"/>
      <line num="11" count="2" type="stmt"/>
      <line num="13" count="2" type="cond" truecount="1" falsecount="0"/>
      <line num="14" count="1" type="stmt"/>
      <line num="17" count="1" type="stmt"/>
      <line num="18" count="1" type="stmt"/>
      <line num="19" count="1" type="stmt"/>
      <line num="21" count="1" type="cond" truecount="2" falsecount="0"/>
      <line num="22" count="1" type="stmt"/>
    </file>
  </project>
</coverage>
