{"/Users/zackcf_yang/work/91/src/budget-repo.ts": {"path":"/Users/zackcf_yang/work/91/src/budget-repo.ts","statementMap":{"0":{"start":{"line":8,"column":4},"end":{"line":8,"column":14}},"1":{"start":{"line":6,"column":0},"end":{"line":6,"column":13}}},"fnMap":{"0":{"name":"(anonymous_0)","decl":{"start":{"line":7,"column":2},"end":{"line":7,"column":8}},"loc":{"start":{"line":7,"column":8},"end":{"line":9,"column":3}}}},"branchMap":{},"s":{"0":0,"1":1},"f":{"0":0},"b":{}}
,"/Users/zackcf_yang/work/91/src/budget-service.ts": {"path":"/Users/zackcf_yang/work/91/src/budget-service.ts","statementMap":{"0":{"start":{"line":1,"column":0},"end":{"line":1,"column":26}},"1":{"start":{"line":7,"column":4},"end":{"line":7,"column":21}},"2":{"start":{"line":11,"column":32},"end":{"line":11,"column":50}},"3":{"start":{"line":13,"column":4},"end":{"line":15,"column":null}},"4":{"start":{"line":14,"column":6},"end":{"line":14,"column":15}},"5":{"start":{"line":17,"column":21},"end":{"line":17,"column":33}},"6":{"start":{"line":18,"column":19},"end":{"line":18,"column":29}},"7":{"start":{"line":19,"column":25},"end":{"line":19,"column":54}},"8":{"start":{"line":21,"column":19},"end":{"line":21,"column":106}},"9":{"start":{"line":21,"column":43},"end":{"line":21,"column":105}},"10":{"start":{"line":22,"column":4},"end":{"line":22,"column":74}},"11":{"start":{"line":4,"column":0},"end":{"line":4,"column":13}}},"fnMap":{"0":{"name":"(anonymous_1)","decl":{"start":{"line":6,"column":2},"end":{"line":6,"column":14}},"loc":{"start":{"line":6,"column":23},"end":{"line":8,"column":3}}},"1":{"name":"(anonymous_2)","decl":{"start":{"line":10,"column":2},"end":{"line":10,"column":7}},"loc":{"start":{"line":10,"column":30},"end":{"line":24,"column":3}}},"2":{"name":"(anonymous_3)","decl":{"start":{"line":21,"column":36},"end":{"line":21,"column":37}},"loc":{"start":{"line":21,"column":43},"end":{"line":21,"column":105}}}},"branchMap":{"0":{"loc":{"start":{"line":13,"column":4},"end":{"line":15,"column":null}},"type":"if","locations":[{"start":{"line":13,"column":4},"end":{"line":15,"column":null}}]},"1":{"loc":{"start":{"line":21,"column":43},"end":{"line":21,"column":105}},"type":"binary-expr","locations":[{"start":{"line":21,"column":43},"end":{"line":21,"column":73}},{"start":{"line":21,"column":77},"end":{"line":21,"column":105}}]}},"s":{"0":1,"1":2,"2":2,"3":2,"4":1,"5":1,"6":1,"7":1,"8":1,"9":1,"10":1,"11":1},"f":{"0":2,"1":2,"2":1},"b":{"0":[1],"1":[1,1]}}
}
